<?xml version="1.0" encoding="UTF-8"?>
<!-- Generated by org.testng.reporters.JUnitXMLReporter -->
<testsuite ignored="0" hostname="NavneetPersonal" failures="0" tests="3" name="MyFrameworkTest" time="48.193" errors="0" timestamp="2023-02-18T21:16:11 IST">
  <testcase classname="TestCases.LoginPageTest" name="loginPageTitleTest" time="0.033"/>
  <testcase classname="TestCases.LoginPageTest" name="validateLogo" time="0.12"/>
  <testcase classname="TestCases.LoginPageTest" name="loginTest" time="11.74"/>
</testsuite> <!-- MyFrameworkTest -->
