<?xml version="1.0" encoding="UTF-8"?>
<!-- Generated by org.testng.reporters.JUnitXMLReporter -->
<testsuite ignored="0" hostname="NavneetPersonal" failures="1" tests="3" name="MyFrameworkTest" time="48.189" errors="0" timestamp="2023-02-18T22:51:26 IST">
  <testcase classname="TestCases.LoginPageTest" name="loginPageTitleTest" time="0.033"/>
  <testcase classname="TestCases.LoginPageTest" name="validateLogo" time="0.108"/>
  <testcase classname="TestCases.LoginPageTest" name="loginTest" time="11.413">
    <failure type="java.lang.AssertionError" message="expected [true] but found [false]">
      <![CDATA[java.lang.AssertionError: expected [true] but found [false]
at TestCases.LoginPageTest.loginTest(LoginPageTest.java:74)
at java.base/java.util.ArrayList.forEach(ArrayList.java:1511)
... Removed 31 stack frames]]>
    </failure>
  </testcase> <!-- loginTest -->
</testsuite> <!-- MyFrameworkTest -->
