<?xml version="1.0" encoding="UTF-8"?>
<!-- Generated by org.testng.reporters.JUnitXMLReporter -->
<testsuite ignored="0" hostname="NavneetPersonal" failures="0" tests="3" name="Default test" time="44.42" errors="0" timestamp="2023-02-19T11:35:31 IST">
  <testcase classname="TestCases.LoginPageTest" name="loginPageTitleTest" time="0.035"/>
  <testcase classname="TestCases.LoginPageTest" name="validateLogo" time="0.064"/>
  <testcase classname="TestCases.LoginPageTest" name="loginTest" time="11.607"/>
</testsuite> <!-- Default test -->
