<?xml version="1.0" encoding="UTF-8"?>
<!-- Generated by org.testng.reporters.JUnitXMLReporter -->
<testsuite ignored="0" hostname="NavneetPersonal" failures="0" tests="3" name="Default test" time="46.956" errors="0" timestamp="2023-02-18T20:56:36 IST">
  <testcase classname="TestCases.LoginPageTest" name="loginPageTitleTest" time="0.038"/>
  <testcase classname="TestCases.LoginPageTest" name="validateLogo" time="0.14"/>
  <testcase classname="TestCases.LoginPageTest" name="loginTest" time="11.709"/>
</testsuite> <!-- Default test -->
