<?xml version="1.0" encoding="UTF-8"?>
<!-- Generated by org.testng.reporters.JUnitXMLReporter -->
<testsuite ignored="0" hostname="NavneetPersonal" failures="0" tests="3" name="MyFrameworkTest" time="50.707" errors="0" timestamp="2023-02-18T21:17:27 IST">
  <testcase classname="TestCases.LoginPageTest" name="loginPageTitleTest" time="0.023"/>
  <testcase classname="TestCases.LoginPageTest" name="validateLogo" time="0.101"/>
  <testcase classname="TestCases.LoginPageTest" name="loginTest" time="13.593"/>
</testsuite> <!-- MyFrameworkTest -->
