<?xml version="1.0" encoding="UTF-8"?>
<testng-results ignored="0" total="3" passed="3" failed="0" skipped="0">
  <reporter-output>
  </reporter-output>
  <suite started-at="2023-02-18T21:16:36 IST" name="MyFramework" finished-at="2023-02-18T21:17:27 IST" duration-ms="50707">
    <groups>
    </groups>
    <test started-at="2023-02-18T21:16:36 IST" name="MyFrameworkTest" finished-at="2023-02-18T21:17:27 IST" duration-ms="50707">
      <class name="TestCases.LoginPageTest">
        <test-method is-config="true" signature="setUp()[pri:0, instance:TestCases.LoginPageTest@3ce1e309]" started-at="2023-02-18T21:16:36 IST" name="setUp" finished-at="2023-02-18T21:16:49 IST" duration-ms="12765" status="PASS">
          <reporter-output>
          </reporter-output>
        </test-method> <!-- setUp -->
        <test-method signature="loginPageTitleTest()[pri:1, instance:TestCases.LoginPageTest@3ce1e309]" started-at="2023-02-18T21:16:49 IST" name="loginPageTitleTest" finished-at="2023-02-18T21:16:49 IST" duration-ms="23" status="PASS">
          <reporter-output>
          </reporter-output>
        </test-method> <!-- loginPageTitleTest -->
        <test-method is-config="true" signature="tearDown()[pri:0, instance:TestCases.LoginPageTest@3ce1e309]" started-at="2023-02-18T21:16:49 IST" name="tearDown" finished-at="2023-02-18T21:16:50 IST" duration-ms="738" status="PASS">
          <reporter-output>
          </reporter-output>
        </test-method> <!-- tearDown -->
        <test-method is-config="true" signature="setUp()[pri:0, instance:TestCases.LoginPageTest@3ce1e309]" started-at="2023-02-18T21:16:50 IST" name="setUp" finished-at="2023-02-18T21:17:02 IST" duration-ms="12094" status="PASS">
          <reporter-output>
          </reporter-output>
        </test-method> <!-- setUp -->
        <test-method signature="validateLogo()[pri:2, instance:TestCases.LoginPageTest@3ce1e309]" started-at="2023-02-18T21:17:02 IST" name="validateLogo" finished-at="2023-02-18T21:17:02 IST" duration-ms="101" status="PASS">
          <reporter-output>
          </reporter-output>
        </test-method> <!-- validateLogo -->
        <test-method is-config="true" signature="tearDown()[pri:0, instance:TestCases.LoginPageTest@3ce1e309]" started-at="2023-02-18T21:17:02 IST" name="tearDown" finished-at="2023-02-18T21:17:02 IST" duration-ms="309" status="PASS">
          <reporter-output>
          </reporter-output>
        </test-method> <!-- tearDown -->
        <test-method is-config="true" signature="setUp()[pri:0, instance:TestCases.LoginPageTest@3ce1e309]" started-at="2023-02-18T21:17:02 IST" name="setUp" finished-at="2023-02-18T21:17:13 IST" duration-ms="10644" status="PASS">
          <reporter-output>
          </reporter-output>
        </test-method> <!-- setUp -->
        <test-method signature="loginTest()[pri:3, instance:TestCases.LoginPageTest@3ce1e309]" started-at="2023-02-18T21:17:13 IST" name="loginTest" finished-at="2023-02-18T21:17:27 IST" duration-ms="13593" status="PASS">
          <reporter-output>
          </reporter-output>
        </test-method> <!-- loginTest -->
        <test-method is-config="true" signature="tearDown()[pri:0, instance:TestCases.LoginPageTest@3ce1e309]" started-at="2023-02-18T21:17:27 IST" name="tearDown" finished-at="2023-02-18T21:17:27 IST" duration-ms="406" status="PASS">
          <reporter-output>
          </reporter-output>
        </test-method> <!-- tearDown -->
      </class> <!-- TestCases.LoginPageTest -->
    </test> <!-- MyFrameworkTest -->
  </suite> <!-- MyFramework -->
</testng-results>
