<?xml version="1.0" encoding="UTF-8"?>
<testng-results ignored="0" total="3" passed="3" failed="0" skipped="0">
  <reporter-output>
  </reporter-output>
  <suite started-at="2023-02-19T11:34:46 IST" name="Default suite" finished-at="2023-02-19T11:35:31 IST" duration-ms="44420">
    <groups>
    </groups>
    <test started-at="2023-02-19T11:34:46 IST" name="Default test" finished-at="2023-02-19T11:35:31 IST" duration-ms="44420">
      <class name="TestCases.LoginPageTest">
        <test-method is-config="true" signature="setUp()[pri:0, instance:TestCases.LoginPageTest@c35172e]" started-at="2023-02-19T11:34:46 IST" name="setUp" finished-at="2023-02-19T11:34:58 IST" duration-ms="11329" status="PASS">
          <reporter-output>
          </reporter-output>
        </test-method> <!-- setUp -->
        <test-method signature="loginPageTitleTest()[pri:1, instance:TestCases.LoginPageTest@c35172e]" started-at="2023-02-19T11:34:58 IST" name="loginPageTitleTest" finished-at="2023-02-19T11:34:58 IST" duration-ms="35" status="PASS">
          <reporter-output>
          </reporter-output>
        </test-method> <!-- loginPageTitleTest -->
        <test-method is-config="true" signature="tearDown()[pri:0, instance:TestCases.LoginPageTest@c35172e]" started-at="2023-02-19T11:34:58 IST" name="tearDown" finished-at="2023-02-19T11:34:58 IST" duration-ms="447" status="PASS">
          <reporter-output>
          </reporter-output>
        </test-method> <!-- tearDown -->
        <test-method is-config="true" signature="setUp()[pri:0, instance:TestCases.LoginPageTest@c35172e]" started-at="2023-02-19T11:34:58 IST" name="setUp" finished-at="2023-02-19T11:35:08 IST" duration-ms="10292" status="PASS">
          <reporter-output>
          </reporter-output>
        </test-method> <!-- setUp -->
        <test-method signature="validateLogo()[pri:2, instance:TestCases.LoginPageTest@c35172e]" started-at="2023-02-19T11:35:08 IST" name="validateLogo" finished-at="2023-02-19T11:35:08 IST" duration-ms="64" status="PASS">
          <reporter-output>
          </reporter-output>
        </test-method> <!-- validateLogo -->
        <test-method is-config="true" signature="tearDown()[pri:0, instance:TestCases.LoginPageTest@c35172e]" started-at="2023-02-19T11:35:08 IST" name="tearDown" finished-at="2023-02-19T11:35:09 IST" duration-ms="189" status="PASS">
          <reporter-output>
          </reporter-output>
        </test-method> <!-- tearDown -->
        <test-method is-config="true" signature="setUp()[pri:0, instance:TestCases.LoginPageTest@c35172e]" started-at="2023-02-19T11:35:09 IST" name="setUp" finished-at="2023-02-19T11:35:19 IST" duration-ms="10229" status="PASS">
          <reporter-output>
          </reporter-output>
        </test-method> <!-- setUp -->
        <test-method signature="loginTest()[pri:3, instance:TestCases.LoginPageTest@c35172e]" started-at="2023-02-19T11:35:19 IST" name="loginTest" finished-at="2023-02-19T11:35:30 IST" duration-ms="11607" status="PASS">
          <reporter-output>
          </reporter-output>
        </test-method> <!-- loginTest -->
        <test-method is-config="true" signature="tearDown()[pri:0, instance:TestCases.LoginPageTest@c35172e]" started-at="2023-02-19T11:35:30 IST" name="tearDown" finished-at="2023-02-19T11:35:31 IST" duration-ms="182" status="PASS">
          <reporter-output>
          </reporter-output>
        </test-method> <!-- tearDown -->
      </class> <!-- TestCases.LoginPageTest -->
    </test> <!-- Default test -->
  </suite> <!-- Default suite -->
</testng-results>
