<?xml version="1.0" encoding="UTF-8"?>
<testng-results ignored="0" total="3" passed="3" failed="0" skipped="0">
  <reporter-output>
  </reporter-output>
  <suite started-at="2023-02-18T21:15:23 IST" name="MyFramework" finished-at="2023-02-18T21:16:11 IST" duration-ms="48193">
    <groups>
    </groups>
    <test started-at="2023-02-18T21:15:23 IST" name="MyFrameworkTest" finished-at="2023-02-18T21:16:11 IST" duration-ms="48193">
      <class name="TestCases.LoginPageTest">
        <test-method is-config="true" signature="setUp()[pri:0, instance:TestCases.LoginPageTest@3bf7ca37]" started-at="2023-02-18T21:15:23 IST" name="setUp" finished-at="2023-02-18T21:15:36 IST" duration-ms="12692" status="PASS">
          <reporter-output>
          </reporter-output>
        </test-method> <!-- setUp -->
        <test-method signature="loginPageTitleTest()[pri:1, instance:TestCases.LoginPageTest@3bf7ca37]" started-at="2023-02-18T21:15:36 IST" name="loginPageTitleTest" finished-at="2023-02-18T21:15:36 IST" duration-ms="33" status="PASS">
          <reporter-output>
          </reporter-output>
        </test-method> <!-- loginPageTitleTest -->
        <test-method is-config="true" signature="tearDown()[pri:0, instance:TestCases.LoginPageTest@3bf7ca37]" started-at="2023-02-18T21:15:36 IST" name="tearDown" finished-at="2023-02-18T21:15:37 IST" duration-ms="671" status="PASS">
          <reporter-output>
          </reporter-output>
        </test-method> <!-- tearDown -->
        <test-method is-config="true" signature="setUp()[pri:0, instance:TestCases.LoginPageTest@3bf7ca37]" started-at="2023-02-18T21:15:37 IST" name="setUp" finished-at="2023-02-18T21:15:48 IST" duration-ms="11168" status="PASS">
          <reporter-output>
          </reporter-output>
        </test-method> <!-- setUp -->
        <test-method signature="validateLogo()[pri:2, instance:TestCases.LoginPageTest@3bf7ca37]" started-at="2023-02-18T21:15:48 IST" name="validateLogo" finished-at="2023-02-18T21:15:48 IST" duration-ms="120" status="PASS">
          <reporter-output>
          </reporter-output>
        </test-method> <!-- validateLogo -->
        <test-method is-config="true" signature="tearDown()[pri:0, instance:TestCases.LoginPageTest@3bf7ca37]" started-at="2023-02-18T21:15:48 IST" name="tearDown" finished-at="2023-02-18T21:15:48 IST" duration-ms="284" status="PASS">
          <reporter-output>
          </reporter-output>
        </test-method> <!-- tearDown -->
        <test-method is-config="true" signature="setUp()[pri:0, instance:TestCases.LoginPageTest@3bf7ca37]" started-at="2023-02-18T21:15:48 IST" name="setUp" finished-at="2023-02-18T21:15:59 IST" duration-ms="11046" status="PASS">
          <reporter-output>
          </reporter-output>
        </test-method> <!-- setUp -->
        <test-method signature="loginTest()[pri:3, instance:TestCases.LoginPageTest@3bf7ca37]" started-at="2023-02-18T21:15:59 IST" name="loginTest" finished-at="2023-02-18T21:16:11 IST" duration-ms="11740" status="PASS">
          <reporter-output>
          </reporter-output>
        </test-method> <!-- loginTest -->
        <test-method is-config="true" signature="tearDown()[pri:0, instance:TestCases.LoginPageTest@3bf7ca37]" started-at="2023-02-18T21:16:11 IST" name="tearDown" finished-at="2023-02-18T21:16:11 IST" duration-ms="362" status="PASS">
          <reporter-output>
          </reporter-output>
        </test-method> <!-- tearDown -->
      </class> <!-- TestCases.LoginPageTest -->
    </test> <!-- MyFrameworkTest -->
  </suite> <!-- MyFramework -->
</testng-results>
